<?xml version="1.0" encoding="UTF-8"?>
<!-- Generated by org.testng.reporters.JUnitXMLReporter -->
<testsuite ignored="1" hostname="VCCI-TECH-D122" failures="0" tests="2" name="FirstTest" time="0.041" errors="0" timestamp="2024-08-27T10:17:36 ICT">
  <testcase classname="Package01.Firstclass" name="firstmethod" time="0.005"/>
  <testcase classname="Package02.Secondclass" name="alo" time="0.001"/>
  <testcase classname="Package01.Firstclass" name="secondmethod" time="0.0">
    <ignored/>
  </testcase> <!-- secondmethod -->
</testsuite> <!-- FirstTest -->
