<?xml version="1.0" encoding="UTF-8"?>
<!-- Generated by org.testng.reporters.JUnitXMLReporter -->
<testsuite ignored="0" hostname="VCCI-TECH-D122" failures="0" tests="7" name="Combine Test" time="0.056" errors="0" timestamp="2024-08-27T13:45:17 ICT">
  <testcase classname="Package02.Firstclass" name="secondmethod" time="0.007"/>
  <testcase classname="Package01.Firstclass" name="firstmethod" time="0.001"/>
  <testcase classname="Package01.Firstclass" name="secondmethod" time="0.001"/>
  <testcase classname="Package02.Secondclass" name="blo" time="0.001"/>
  <testcase classname="Package02.Secondclass" name="alo" time="0.001"/>
  <testcase classname="Package01.Secondclass" name="firstmathod" time="0.001"/>
  <testcase classname="Package01.Secondclass" name="secondmethod" time="0.002"/>
</testsuite> <!-- Combine Test -->
